x0 ==  [[1 1]] 



iteration 0:
x = [-160.49462607   75.55296542]
F[x] = [ 74.     79.01   84.167  89.388  94.588]
J[x] =
 [[ -2.36364253e-125  -1.00000000e+000]
 [  9.94983249e-003  -9.90000000e-001]
 [  1.52207123e-001  -8.33000000e-001]
 [  3.00506074e-001  -6.12000000e-001]
 [  3.65333555e-001  -4.12000000e-001]]


iteration 1:
x = [-159.36714073   75.53613608]
F[x] = [ -5.52965416e-01  -2.99122296e+02  -4.11436049e+14  -1.26911880e+36
  -4.84371773e+63]
J[x] =
 [[ -1.78580202e-123  -1.00000000e+000]
 [  3.81030640e+000  -5.01796712e+000]
 [  7.51782683e+013  -5.44566380e+012]
 [  6.23166516e+035  -1.67977364e+034]
 [  4.29507917e+063  -6.41102266e+061]]


iteration 2:
x = [-158.2396555    75.51930299]
F[x] = [ -5.36136078e-01  -2.94766983e+02  -3.34760335e+14  -7.29408606e+35
  -1.78190413e+63]
J[x] =
 [[ -1.78540423e-123  -1.00000000e+000]
 [  3.76653404e+000  -4.96142644e+000]
 [  6.11679564e+013  -4.43179056e+012]
 [  3.58156399e+035  -9.65641935e+033]
 [  1.58007129e+063  -2.35900884e+061]]


iteration 3:
x = [-157.11217039   75.50246616]
F[x] = [ -5.19302992e-01  -2.90461667e+02  -2.72373977e+14  -4.19217563e+35
  -6.55525878e+62]
J[x] =
 [[ -1.78500636e-123  -1.00000000e+000]
 [  3.72326417e+000  -4.90552285e+000]
 [  4.97686190e+013  -3.60668023e+012]
 [  2.05845464e+035  -5.55113125e+033]
 [  5.81275727e+062  -8.68024270e+060]]


iteration 4:
x = [-155.98468538   75.48562557]
F[x] = [ -5.02466155e-01  -2.86205774e+02  -2.21614002e+14  -2.40939517e+35
  -2.41154488e+62]
J[x] =
 [[ -1.78460840e-123  -1.00000000e+000]
 [  3.68049102e+000  -4.85024917e+000]
 [  4.04936733e+013  -2.93518892e+012]
 [  1.18306844e+035  -3.19114765e+033]
 [  2.13839384e+062  -3.19399485e+060]]


iteration 5:
x = [-154.85720049   75.46878122]
F[x] = [ -4.85625566e-01  -2.81998738e+02  -1.80313709e+14  -1.38476661e+35
  -8.87157760e+61]
J[x] =
 [[ -1.78421035e-123  -1.00000000e+000]
 [  3.63820889e+000  -4.79559830e+000]
 [  3.29472161e+013  -2.38871584e+012]
 [  6.79952251e+034  -1.83447723e+033]
 [  7.86671112e+061  -1.17526715e+060]]


iteration 6:
x = [-153.72971571   75.45193312]
F[x] = [ -4.68781221e-01  -2.77839997e+02  -1.46710185e+14  -7.95875456e+34
  -3.26367093e+61]
J[x] =
 [[ -1.78381221e-123  -1.00000000e+000]
 [  3.59641215e+000  -4.74156322e+000]
 [  2.68071251e+013  -1.94398508e+012]
 [  3.90793151e+034  -1.05457574e+033]
 [  2.89400122e+061  -4.32453112e+059]]


iteration 7:
x = [-152.60223105   75.43508125]
F[x] = [ -4.51933118e-01  -2.73728999e+02  -1.19369052e+14  -4.57418390e+34
  -1.20063741e+61]
J[x] =
 [[ -1.78341398e-123  -1.00000000e+000]
 [  3.55509524e+000  -4.68813699e+000]
 [  2.18113086e+013  -1.58205426e+012]
 [  2.24602948e+034  -6.06238132e+032]
 [  1.06464353e+061  -1.59126129e+059]]


iteration 8:
x = [-151.47474649   75.41822563]
F[x] = [ -4.35081255e-01  -2.69665194e+02  -9.71232468e+13  -2.62894869e+34
  -4.41689807e+60]
J[x] =
 [[ -1.78301566e-123  -1.00000000e+000]
 [  3.51425264e+000  -4.63531276e+000]
 [  1.77465186e+013  -1.28750768e+012]
 [  1.29087426e+034  -3.48504787e+032]
 [  3.91660455e+060  -5.85523075e+058]]


iteration 9:
x = [-150.34726205   75.40136624]
F[x] = [ -4.18225628e-01  -2.65648043e+02  -7.90231987e+13  -1.51095170e+34
  -1.62488595e+60]
J[x] =
 [[ -1.78261725e-123  -1.00000000e+000]
 [  3.47387892e+000  -4.58308373e+000]
 [  1.44392482e+013  -1.04779976e+012]
 [  7.41912029e+033  -2.00343045e+032]
 [  1.44083826e+060  -2.15450038e+058]]


iteration 10:
x = [-149.21977772   75.38450308]
F[x] = [ -4.01366237e-01  -2.61677009e+02  -6.42963003e+13  -8.68398434e+33
  -5.97762122e+59]
J[x] =
 [[ -1.78221876e-123  -1.00000000e+000]
 [  3.43396869e+000  -4.53144321e+000]
 [  1.17483252e+013  -8.52720627e+011]
 [  4.26403601e+033  -1.15170119e+032]
 [  5.30054760e+059  -7.92773595e+057]]


iteration 11:
x = [-148.0922935    75.36763615]
F[x] = [ -3.84503077e-01  -2.57751564e+02  -5.23139277e+13  -4.99099877e+33
  -2.19904390e+59]
J[x] =
 [[ -1.78182017e-123  -1.00000000e+000]
 [  3.39451665e+000  -4.48038456e+000]
 [  9.55888649e+012  -6.93961299e+011]
 [  2.45069517e+033  -6.62072252e+031]
 [  1.94996244e+059  -2.91710340e+057]]


iteration 12:
x = [-146.9648094    75.35076544]
F[x] = [ -3.67636147e-01  -2.53871184e+02  -4.25646079e+13  -2.86850674e+33
  -8.08983021e+58]
J[x] =
 [[ -1.78142150e-123  -1.00000000e+000]
 [  3.35551753e+000  -4.42990123e+000]
 [  7.77747482e+012  -5.64759757e+011]
 [  1.40850278e+033  -3.80601925e+031]
 [  7.17351075e+058  -1.07338250e+057]]


iteration 13:
x = [-145.83732541   75.33389096]
F[x] = [ -3.50765444e-01  -2.50035352e+02  -3.46321865e+13  -1.64863406e+33
  -2.97608214e+58]
J[x] =
 [[ -1.78102274e-123  -1.00000000e+000]
 [  3.31696613e+000  -4.37998672e+000]
 [  6.32804980e+012  -4.59612936e+011]
 [  8.09517236e+032  -2.18794600e+031]
 [  2.63898706e+058  -3.94963757e+056]]


iteration 14:
x = [-144.70984153   75.31701271]
F[x] = [ -3.33890965e-01  -2.46243558e+02  -2.81780640e+13  -9.47529284e+32
  -1.09483941e+58]
J[x] =
 [[ -1.78062388e-123  -1.00000000e+000]
 [  3.27885733e+000  -4.33063464e+000]
 [  5.14874198e+012  -3.74042329e+011]
 [  4.65258668e+032  -1.25777293e+031]
 [  9.70829060e+057  -1.45331589e+056]]


iteration 15:
x = [-143.58235777   75.30013067]
F[x] = [ -3.17012708e-01  -2.42495296e+02  -2.29267427e+13  -5.44579131e+32
  -4.02768899e+57]
J[x] =
 [[ -1.78022494e-123  -1.00000000e+000]
 [  3.24118604e+000  -4.28183865e+000]
 [  4.18921196e+012  -3.04403240e+011]
 [  2.67400877e+032  -7.23049297e+030]
 [  3.57148043e+057  -5.34764836e+055]]


iteration 16:
x = [-142.45487412   75.28324485]
F[x] = [ -3.00130670e-01  -2.38790067e+02  -1.86540668e+13  -3.12989183e+32
  -1.48170394e+57]
J[x] =
 [[ -1.77982591e-123  -1.00000000e+000]
 [  3.20394724e+000  -4.23359248e+000]
 [  3.40850163e+012  -2.47729541e+011]
 [  1.53684887e+032  -4.15655565e+030]
 [  1.31387419e+057  -1.96773090e+055]]


iteration 17:
x = [-141.32739058   75.26635524]
F[x] = [ -2.83244849e-01  -2.35127377e+02  -1.51776546e+13  -1.79886116e+32
  -5.45088403e+56]
J[x] =
 [[ -1.77942679e-123  -1.00000000e+000]
 [  3.16713597e+000  -4.18588993e+000]
 [  2.77328589e+012  -2.01607338e+011]
 [  8.83282195e+031  -2.38945752e+030]
 [  4.83347292e+056  -7.24050091e+054]]


iteration 18:
x = [-140.19990716   75.24946185]
F[x] = [ -2.66355243e-01  -2.31506737e+02  -1.23491131e+13  -1.03387001e+32
  -2.00526812e+56]
J[x] =
 [[ -1.77902758e-123  -1.00000000e+000]
 [  3.13074733e+000  -4.13872488e+000]
 [  2.25645015e+012  -1.64072154e+011]
 [  5.07653952e+031  -1.37361509e+030]
 [  1.77813527e+056  -2.66422908e+054]]


iteration 19:
x = [-139.07242385   75.23256466]
F[x] = [ -2.49461848e-01  -2.27927666e+02  -1.00477040e+13  -5.94202145e+31
  -7.37696897e+55]
J[x] =
 [[ -1.77862828e-123  -1.00000000e+000]
 [  3.09477646e+000  -4.09209128e+000]
 [  1.83593293e+012  -1.33525261e+011]
 [  2.91766918e+031  -7.89643049e+029]
 [  6.54139393e+055  -9.80335113e+053]]


iteration 20:
x = [-137.94494065   75.21566368]
F[x] = [ -2.32564662e-01  -2.24389687e+02  -8.17519021e+12  -3.41509250e+31
  -2.71383515e+55]
J[x] =
 [[ -1.77822889e-123  -1.00000000e+000]
 [  3.05921858e+000  -4.04598312e+000]
 [  1.49378414e+012  -1.08665579e+011]
 [  1.67688895e+031  -4.53938067e+029]
 [  2.40644428e+055  -3.60726125e+053]]


iteration 21:
x = [-136.81745757   75.19875891]
F[x] = [ -2.15663683e-01  -2.20892328e+02  -6.65164195e+12  -1.96277586e+31
  -9.98364135e+54]
J[x] =
 [[ -1.77782941e-123  -1.00000000e+000]
 [  3.02406895e+000  -4.00039451e+000]
 [  1.21539890e+012  -8.84342651e+010]
 [  9.63768084e+030  -2.60953073e+029]
 [  8.85281356e+054  -1.32733541e+053]]


iteration 22:
x = [-135.6899746    75.18185033]
F[x] = [ -1.98758908e-01  -2.17435123e+02  -5.41202540e+12  -1.12807747e+31
  -3.67277631e+54]
J[x] =
 [[ -1.77742984e-123  -1.00000000e+000]
 [  2.98932288e+000  -3.95531957e+000]
 [  9.88894139e+011  -7.19696106e+010]
 [  5.53911979e+030  -1.50012778e+029]
 [  3.25676802e+054  -4.88409165e+052]]


iteration 23:
x = [-134.56249175   75.16493796]
F[x] = [ -1.81850335e-01  -2.14017611e+02  -4.40342652e+12  -6.48346429e+30
  -1.35113886e+54]
J[x] =
 [[ -1.77703019e-123  -1.00000000e+000]
 [  2.95497574e+000  -3.91075252e+000]
 [  8.04601301e+011  -5.85703398e+010]
 [  3.18353006e+030  -8.62370939e+028]
 [  1.19809797e+054  -1.79716096e+052]]


iteration 24:
x = [-133.43500901   75.14802178]
F[x] = [ -1.64937960e-01  -2.10639337e+02  -3.58279242e+12  -3.72627842e+30
  -4.97056197e+53]
J[x] =
 [[ -1.77663044e-123  -1.00000000e+000]
 [  2.92102295e+000  -3.86668765e+000]
 [  6.54653695e+011  -4.76657404e+010]
 [  1.82968839e+030  -4.95746889e+028]
 [  4.40755600e+053  -6.61287310e+051]]


iteration 25:
x = [-132.30752638   75.1311018 ]
F[x] = [ -1.48021782e-01  -2.07299851e+02  -2.91509360e+12  -2.14162515e+30
  -1.82856751e+53]
J[x] =
 [[ -1.77623060e-123  -1.00000000e+000]
 [  2.88745999e+000  -3.82311928e+000]
 [  5.32650675e+011  -3.87913552e+010]
 [  1.05158720e+030  -2.84987562e+028]
 [  1.62144920e+053  -2.43328762e+051]]


iteration 26:
x = [-131.18004387   75.114178  ]
F[x] = [ -1.31101797e-01  -2.03998708e+02  -2.37182874e+12  -1.23086833e+30
  -6.72692378e+52]
J[x] =
 [[ -1.77583067e-123  -1.00000000e+000]
 [  2.85428239e+000  -3.78004183e+000]
 [  4.33384430e+011  -3.15691995e+010]
 [  6.04384656e+029  -1.63829400e+028]
 [  5.96497810e+052  -8.95358063e+050]]


iteration 27:
x = [-130.05256147   75.0972504 ]
F[x] = [ -1.14178004e-01  -2.00735467e+02  -1.92980806e+12  -7.07423882e+29
  -2.47469690e+52]
J[x] =
 [[ -1.77543065e-123  -1.00000000e+000]
 [  2.82148573e+000  -3.73744977e+000]
 [  3.52617687e+011  -2.56916618e+010]
 [  3.47361394e+029  -9.41798074e+027]
 [  2.19439275e+052  -3.29458028e+050]]


iteration 28:
x = [-128.92507919   75.08031898]
F[x] = [ -9.72503998e-02  -1.97509694e+02  -1.57016347e+12  -4.06581689e+29
  -9.10390088e+51]
J[x] =
 [[ -1.77503055e-123  -1.00000000e+000]
 [  2.78906563e+000  -3.69533762e+000]
 [  2.86902839e+011  -2.09084016e+010]
 [  1.99640959e+029  -5.41406892e+027]
 [  8.07271960e+051  -1.21228152e+050]]


iteration 29:
x = [-127.79759702   75.06338375]
F[x] = [ -8.03189813e-02  -1.94320960e+02  -1.27754318e+12  -2.33676961e+29
  -3.34913788e+51]
J[x] =
 [[ -1.77463035e-123  -1.00000000e+000]
 [  2.75701778e+000  -3.65369997e+000]
 [  2.33434780e+011  -1.70156866e+010]
 [  1.14740762e+029  -3.11235973e+027]
 [  2.96978750e+051  -4.46074008e+049]]


iteration 30:
x = [-126.67011497   75.04644469]
F[x] = [ -6.33837464e-02  -1.91168838e+02  -1.03945638e+12  -1.34302456e+29
  -1.23207894e+51]
J[x] =
 [[ -1.77423006e-123  -1.00000000e+000]
 [  2.72533789e+000  -3.61253149e+000]
 [  1.89931171e+011  -1.38477155e+010]
 [  6.59455945e+028  -1.78918735e+027]
 [  1.09252374e+051  -1.64138476e+049]]


iteration 31:
x = [-125.54263303   75.02950182]
F[x] = [ -4.64446924e-02  -1.88052909e+02  -8.45740090e+11  -7.71883924e+28
  -4.53256501e+50]
J[x] =
 [[ -1.77382968e-123  -1.00000000e+000]
 [  2.69402176e+000  -3.57182689e+000]
 [  1.54535014e+011  -1.12695557e+010]
 [  3.79012757e+028  -1.02854163e+027]
 [  4.01917012e+050  -6.03967987e+048]]


iteration 32:
x = [-124.41515121   75.01255512]
F[x] = [ -2.95018167e-02  -1.84972758e+02  -6.88125307e+11  -4.43629090e+28
  -1.66743744e+50]
J[x] =
 [[ -1.77342921e-123  -1.00000000e+000]
 [  2.66306521e+000  -3.53158093e+000]
 [  1.25735382e+011  -9.17139646e+009]
 [  2.17832085e+028  -5.91272872e+026]
 [  1.47857002e+050  -2.22237573e+048]]


iteration 33:
x = [-123.2876695    74.99560459]
F[x] = [ -1.25551168e-02  -1.81927974e+02  -5.59884066e+11  -2.54969374e+28
  -6.13415938e+49]
J[x] =
 [[ -1.77302865e-123  -1.00000000e+000]
 [  2.63246410e+000  -3.49178845e+000]
 [  1.02302933e+011  -7.46387141e+009]
 [  1.25195826e+028  -3.39902265e+026]
 [  5.43935499e+049  -8.17751025e+047]]


iteration 34:
x = [-122.1601879    74.97865023]
F[x] = [  4.39540998e-03  -1.78918151e+02  -4.55542237e+11  -1.46539936e+28
  -2.25663107e+49]
J[x] =
 [[ -1.77262800e-123  -1.00000000e+000]
 [  2.60221437e+000  -3.45244434e+000]
 [  8.32374232e+010  -6.07425248e+009]
 [  7.19544785e+027  -1.95398033e+026]
 [  2.00102682e+049  -3.00901777e+047]]


iteration 35:
x = [-121.03270643   74.96169205]
F[x] = [  2.13497662e-02  -1.75942888e+02  -3.70645863e+11  -8.42216914e+27
  -8.30168155e+48]
J[x] =
 [[ -1.77222726e-123  -1.00000000e+000]
 [  2.57231198e+000  -3.41354355e+000]
 [  6.77250188e+010  -4.94335203e+009]
 [  4.13547873e+027  -1.12327564e+026]
 [  7.36136610e+048  -1.10720605e+047]]


iteration 36:
x = [-119.90522506   74.94473002]
F[x] = [  3.83079544e-02  -1.73001789e+02  -3.01571037e+11  -4.84051868e+27
  -3.05401789e+48]
J[x] =
 [[ -1.77182643e-123  -1.00000000e+000]
 [  2.54275295e+000  -3.37508108e+000]
 [  5.51035535e+010  -4.02300200e+009]
 [  2.37680599e+027  -6.45732313e+025]
 [  2.70809518e+048  -4.07410480e+046]]


iteration 37:
x = [-118.77774382   74.92776416]
F[x] = [  5.52699772e-02  -1.70094461e+02  -2.45369211e+11  -2.78201727e+27
  -1.12351037e+48]
J[x] =
 [[ -1.77142551e-123  -1.00000000e+000]
 [  2.51353333e+000  -3.33705200e+000]
 [  4.48342638e+010  -3.27400220e+009]
 [  1.36603446e+027  -3.71209192e+025]
 [  9.96252515e+047  -1.49911857e+046]]


iteration 38:
x = [-117.65026269   74.91079446]
F[x] = [  7.22358373e-02  -1.67220518e+02  -1.99641336e+11  -1.59892364e+27
  -4.13316355e+47]
J[x] =
 [[ -1.77102450e-123  -1.00000000e+000]
 [  2.48464923e+000  -3.29945142e+000]
 [  3.64787916e+010  -2.66445073e+009]
 [  7.85108276e+026  -2.13395349e+025]
 [  3.66500809e+047  -5.51619763e+045]]


iteration 39:
x = [-116.52278167   74.89382092]
F[x] = [  8.92055372e-02  -1.64379575e+02  -1.62435456e+11  -9.18957878e+26
  -1.52050586e+47]
J[x] =
 [[ -1.77062339e-123  -1.00000000e+000]
 [  2.45609680e+000  -3.26227451e+000]
 [  2.96804725e+010  -2.16838518e+009]
 [  4.51229451e+026  -1.22673626e+025]
 [  1.34828109e+047  -2.02975535e+045]]


iteration 40:
x = [-115.39530077   74.87684353]
F[x] = [  1.06179080e-01  -1.61571255e+02  -1.32163388e+11  -5.28157519e+26
  -5.59362831e+46]
J[x] =
 [[ -1.77022220e-123  -1.00000000e+000]
 [  2.42787224e+000  -3.22551649e+000]
 [  2.41491106e+010  -1.76467680e+009]
 [  2.59337488e+026  -7.05208404e+024]
 [  4.96004883e+046  -7.46874474e+044]]


iteration 41:
x = [-114.26781999   74.8598623 ]
F[x] = [  1.23156467e-01  -1.58795182e+02  -1.07532925e+11  -3.03550749e+26
  -2.05778080e+46]
J[x] =
 [[ -1.76982092e-123  -1.00000000e+000]
 [  2.39997178e+000  -3.18917266e+000]
 [  1.96485920e+010  -1.43613058e+009]
 [  1.49050398e+026  -4.05400034e+024]
 [  1.82469994e+046  -2.74822055e+044]]


iteration 42:
x = [-113.14033932   74.84287721]
F[x] = [  1.40137702e-01  -1.56050988e+02  -8.74926796e+10  -1.74461311e+26
  -7.57015233e+45]
J[x] =
 [[ -1.76941954e-123  -1.00000000e+000]
 [  2.37239170e+000  -3.15323834e+000]
 [  1.59868056e+010  -1.16875288e+009]
 [  8.56645155e+025  -2.33050536e+024]
 [  6.71269578e+045  -1.01124315e+044]]


iteration 43:
x = [-112.01285877   74.82588827]
F[x] = [  1.57122787e-01  -1.53338305e+02  -7.11872050e+10  -1.00269057e+26
  -2.78490334e+45]
J[x] =
 [[ -1.76901807e-123  -1.00000000e+000]
 [  2.34512833e+000  -3.11770891e+000]
 [  1.30074426e+010  -9.51155377e+008]
 [  4.92344131e+025  -1.33972746e+024]
 [  2.46946271e+045  -3.72099983e+043]]


iteration 44:
x = [-110.88537833   74.80889548]
F[x] = [  1.74111726e-01  -1.50656773e+02  -5.79204771e+10  -5.76281549e+25
  -1.02450866e+45]
J[x] =
 [[ -1.76861652e-123  -1.00000000e+000]
 [  2.31817804e+000  -3.08257982e+000]
 [  1.05833244e+010  -7.74070024e+008]
 [  2.82967493e+025  -7.70163324e+023]
 [  9.08464538e+044  -1.36919010e+043]]


iteration 45:
x = [-109.75789801   74.79189883]
F[x] = [  1.91104519e-01  -1.48006034e+02  -4.71261850e+10  -3.31209265e+25
  -3.76895662e+44]
J[x] =
 [[ -1.76821487e-123  -1.00000000e+000]
 [  2.29153722e+000  -3.04784655e+000]
 [  8.61097367e+009  -6.29954295e+008]
 [  1.62631366e+025  -4.42740483e+023]
 [  3.34205418e+044  -5.03811291e+042]]


iteration 46:
x = [-108.63041781   74.77489832]
F[x] = [  2.08101171e-01  -1.45385735e+02  -3.83435572e+10  -1.90357599e+25
  -1.38652162e+44]
J[x] =
 [[ -1.76781313e-123  -1.00000000e+000]
 [  2.26520233e+000  -3.01350465e+000]
 [  7.00619755e+009  -5.12669927e+008]
 [  9.34699587e+024  -2.54516334e+023]
 [  1.22947299e+044  -1.85383931e+042]]


iteration 47:
x = [-107.50293772   74.75789394]
F[x] = [  2.25101684e-01  -1.42795526e+02  -3.11976932e+10  -1.09405194e+25
  -5.10072786e+43]
J[x] =
 [[ -1.76741130e-123  -1.00000000e+000]
 [  2.23916986e+000  -2.97954970e+000]
 [  5.70049358e+009  -4.17221473e+008]
 [  5.37204662e+024  -1.46312729e+023]
 [  4.52297826e+043  -6.82144406e+041]]


iteration 48:
x = [-106.37545775   74.7408857 ]
F[x] = [  2.42106060e-01  -1.40235062e+02  -2.53835598e+10  -6.28790024e+24
  -1.87645287e+43]
J[x] =
 [[ -1.76700937e-123  -1.00000000e+000]
 [  2.21343634e+000  -2.94597735e+000]
 [  4.63812562e+009  -3.39543540e+008]
 [  3.08750362e+024  -8.41101843e+022]
 [  1.66391067e+043  -2.51003977e+041]]


iteration 49:
x = [-105.2479779    74.72387359]
F[x] = [  2.59114302e-01  -1.37704002e+02  -2.06529712e+10  -3.61387665e+24
  -6.90308414e+42]
J[x] =
 [[ -1.76660736e-123  -1.00000000e+000]
 [  2.18799834e+000  -2.91278328e+000]
 [  3.77374471e+009  -2.76327623e+008]
 [  1.77449654e+024  -4.83520715e+022]
 [  6.12118512e+042  -9.23602132e+040]]


iteration 50:
x = [-104.12049817   74.7068576 ]
F[x] = [  2.76126413e-01  -1.35202008e+02  -1.68039938e+10  -2.07702147e+24
  -2.53950267e+42]
J[x] =
 [[ -1.76620525e-123  -1.00000000e+000]
 [  2.16285246e+000  -2.87996323e+000]
 [  3.07045327e+009  -2.24881194e+008]
 [  1.01986531e+024  -2.77959556e+022]
 [  2.25185810e+042  -3.39851583e+040]]


iteration 51:
x = [-102.99301855   74.68983775]
F[x] = [  2.93142395e-01  -1.32728747e+02  -1.36723275e+10  -1.19373693e+24
  -9.34230799e+41]
J[x] =
 [[ -1.76580306e-123  -1.00000000e+000]
 [  2.13799535e+000  -2.84751298e+000]
 [  2.49823007e+009  -1.83013019e+008]
 [  5.86152283e+023  -1.59789471e+022]
 [  8.28412279e+041  -1.25052884e+040]]


iteration 52:
x = [-101.86553904   74.67281402]
F[x] = [  3.10162251e-01  -1.30283889e+02  -1.11242913e+10  -6.86082355e+23
  -3.43684295e+41]
J[x] =
 [[ -1.76540077e-123  -1.00000000e+000]
 [  2.11342371e+000  -2.81542838e+000]
 [  2.03264874e+009  -1.48939826e+008]
 [  3.36882214e+023  -9.18575238e+021]
 [  3.04755838e+041  -4.60148670e+039]]


iteration 53:
x = [-100.73805966   74.6557864 ]
F[x] = [  3.27185984e-01  -1.27867108e+02  -9.05111789e+09  -3.94315502e+23
  -1.26434383e+41]
J[x] =
 [[ -1.76499839e-123  -1.00000000e+000]
 [  2.08913424e+000  -2.78370529e+000]
 [  1.65383509e+009  -1.21210351e+008]
 [  1.93617979e+023  -5.28057644e+021]
 [  1.12113405e+041  -1.69317823e+039]]


iteration 54:
x = [-99.61058039  74.63875491]
F[x] = [  3.44213596e-01  -1.25478081e+02  -7.36430984e+09  -2.26626887e+23
  -4.65126090e+40]
J[x] =
 [[ -1.76459592e-123  -1.00000000e+000]
 [  2.06512373e+000  -2.75233965e+000]
 [  1.34561876e+009  -9.86435248e+007]
 [  1.11279013e+023  -3.03562386e+021]
 [  4.12442155e+040  -6.23027514e+038]]


iteration 55:
x = [-98.48310124  74.62171953]
F[x] = [  3.61245090e-01  -1.23116491e+02  -5.99186261e+09  -1.30250379e+23
  -1.71110322e+40]
J[x] =
 [[ -1.76419335e-123  -1.00000000e+000]
 [  2.04138895e+000  -2.72132743e+000]
 [  1.09484296e+009  -8.02781706e+007]
 [  6.39559311e+022  -1.74507705e+021]
 [  1.51728986e+040  -2.29251308e+038]]


iteration 56:
x = [-97.35562221  74.60468027]
F[x] = [  3.78280468e-01  -1.20782023e+02  -4.87519067e+09  -7.48594333e+22
  -6.29479679e+39]
J[x] =
 [[ -1.76379070e-123  -1.00000000e+000]
 [  2.01792676e+000  -2.69066465e+000]
 [  8.90802834e+008  -6.53320612e+007]
 [  3.67577032e+022  -1.00318558e+021]
 [  5.58179730e+039  -8.43560940e+037]]


iteration 57:
x = [-96.22814329  74.58763711]
F[x] = [  3.95319734e-01  -1.18474364e+02  -3.96662667e+09  -4.30243240e+22
  -2.31572626e+39]
J[x] =
 [[ -1.76338795e-123  -1.00000000e+000]
 [  1.99473402e+000  -2.66034736e+000]
 [  7.24788533e+008  -5.31686047e+007]
 [  2.11259325e+022  -5.76697385e+020]
 [  2.05342842e+039  -3.10399596e+037]]


iteration 58:
x = [-95.1006645   74.57059006]
F[x] = [  4.12362890e-01  -1.16193208e+02  -3.22738676e+09  -2.47275766e+22
  -8.51908062e+38]
J[x] =
 [[ -1.76298511e-123  -1.00000000e+000]
 [  1.97180763e+000  -2.63037168e+000]
 [  5.89713408e+008  -4.32697291e+007]
 [  1.21418088e+022  -3.31523797e+020]
 [  7.55414079e+038  -1.14215719e+037]]


iteration 59:
x = [-93.97318582  74.55353912]
F[x] = [  4.29409938e-01  -1.13938251e+02  -2.62591499e+09  -1.42117984e+22
  -3.13399453e+38]
J[x] =
 [[ -1.76258218e-123  -1.00000000e+000]
 [  1.94914455e+000  -2.60073375e+000]
 [  4.79811501e+008  -3.52138166e+007]
 [  6.97831981e+021  -1.90581814e+020]
 [  2.77901302e+038  -4.20272192e+036]]


iteration 60:
x = [-92.84570726  74.53648428]
F[x] = [  4.46460881e-01  -1.11709191e+02  -2.13653630e+09  -8.16801444e+21
  -1.15293213e+38]
J[x] =
 [[ -1.76217916e-123  -1.00000000e+000]
 [  1.92674175e+000  -2.57142978e+000]
 [  3.90391425e+008  -2.86577460e+007]
 [  4.01068293e+021  -1.09559044e+020]
 [  1.02234173e+038  -1.54644855e+036]]


iteration 61:
x = [-91.71822881  74.51942554]
F[x] = [  4.63515722e-01  -1.09505731e+02  -1.73836053e+09  -4.69444156e+21
  -4.24140016e+37]
J[x] =
 [[ -1.76177604e-123  -1.00000000e+000]
 [  1.90459624e+000  -2.54245599e+000]
 [  3.17636096e+008  -2.33222781e+007]
 [  2.30507876e+021  -6.29817948e+019]
 [  3.76098495e+037  -5.69036788e+035]]


iteration 62:
x = [-90.59075049  74.50236289]
F[x] = [  4.80574464e-01  -1.07327578e+02  -1.41439070e+09  -2.69805846e+21
  -1.56032388e+37]
J[x] =
 [[ -1.76137283e-123  -1.00000000e+000]
 [  1.88270508e+000  -2.51380868e+000]
 [  2.58439799e+008  -1.89801622e+007]
 [  1.32480875e+021  -3.62061093e+019]
 [  1.38358900e+037  -2.09384851e+035]]


iteration 63:
x = [-89.46327228  74.48529634]
F[x] = [  4.97637109e-01  -1.05174442e+02  -1.15079745e+09  -1.55066775e+21
  -5.74011062e+36]
J[x] =
 [[ -1.76096953e-123  -1.00000000e+000]
 [  1.86106533e+000  -2.48548415e+000]
 [  2.10275610e+008  -1.54464569e+007]
 [  7.61413526e+020  -2.08136721e+019]
 [  5.08993936e+036  -7.70460210e+034]]


iteration 64:
x = [-88.33579419  74.46822588]
F[x] = [  5.14703660e-01  -1.03046034e+02  -9.36328746e+08  -8.91222483e+20
  -2.11166863e+36]
J[x] =
 [[ -1.76056614e-123  -1.00000000e+000]
 [  1.83967412e+000  -2.45747877e+000]
 [  1.71087537e+008  -1.25706532e+007]
 [  4.37610734e+020  -1.19650794e+019]
 [  1.87248400e+036  -2.83501407e+034]]


iteration 65:
x = [-87.20831622  74.45115151]
F[x] = [  5.31774120e-01  -1.00942072e+02  -7.61829495e+08  -5.12216416e+20
  -7.76839455e+35]
J[x] =
 [[ -1.76016266e-123  -1.00000000e+000]
 [  1.81852859e+000  -2.42978894e+000]
 [  1.39202748e+008  -1.02302636e+007]
 [  2.51510039e+020  -6.87832172e+018]
 [  6.88848349e+035  -1.04318244e+034]]


iteration 66:
x = [-86.08083837  74.43407322]
F[x] = [  5.48848491e-01  -9.88622744e+01  -6.19850807e+08  -2.94388493e+20
  -2.85783257e+35]
J[x] =
 [[ -1.75975908e-123  -1.00000000e+000]
 [  1.79762593e+000  -2.40241112e+000]
 [  1.13260170e+008  -8.32560517e+006]
 [  1.44551520e+020  -3.95411605e+018]
 [  2.53413139e+035  -3.83853374e+033]]


iteration 67:
x = [-84.95336064  74.41699102]
F[x] = [  5.65926775e-01  -9.68063643e+01  -5.04331994e+08  -1.69195243e+20
  -1.05133782e+35]
J[x] =
 [[ -1.75935541e-123  -1.00000000e+000]
 [  1.77696334e+000  -2.37534178e+000]
 [  9.21523830e+007  -6.77555395e+006]
 [  8.30787552e+019  -2.27308860e+018]
 [  9.32254816e+034  -1.41244161e+033]]


iteration 68:
x = [-83.82588302  74.3999049 ]
F[x] = [  5.83008977e-01  -9.47740673e+01  -4.10341867e+08  -9.72423501e+19
  -3.86765560e+34]
J[x] =
 [[ -1.75895165e-123  -1.00000000e+000]
 [  1.75653808e+000  -2.34857745e+000]
 [  7.49783531e+007  -5.51408954e+006]
 [  4.77482301e+019  -1.30672241e+018]
 [  3.42957372e+034  -5.19727491e+032]]


iteration 69:
x = [-82.69840553  74.38281486]
F[x] = [  6.00095098e-01  -9.27651126e+01  -3.33868234e+08  -5.58885346e+19
  -1.42283094e+34]
J[x] =
 [[ -1.75854779e-123  -1.00000000e+000]
 [  1.73634741e+000  -2.32211470e+000]
 [  6.10049656e+007  -4.48748314e+006]
 [  2.74425557e+019  -7.51190942e+017]
 [  1.26166963e+034  -1.91240963e+032]]


iteration 70:
x = [-81.57092815  74.36572089]
F[x] = [  6.17185141e-01  -9.07792321e+01  -2.71646634e+08  -3.21210682e+19
  -5.23430239e+33]
J[x] =
 [[ -1.75814384e-123  -1.00000000e+000]
 [  1.71638864e+000  -2.29595011e+000]
 [  4.96357331e+007  -3.65200913e+006]
 [  1.57721832e+019  -4.31834534e+017]
 [  4.64142306e+033  -7.03697809e+031]]


iteration 71:
x = [-80.4434509  74.348623 ]
F[x] = [  6.34279109e-01  -8.88161611e+01  -2.21020987e+08  -1.84610847e+19
  -1.92559219e+33]
J[x] =
 [[ -1.75773980e-123  -1.00000000e+000]
 [  1.69665912e+000  -2.27008034e+000]
 [  4.03853321e+007  -2.97208269e+006]
 [  9.06481714e+018  -2.48247237e+017]
 [  1.70748408e+033  -2.58935456e+031]]


iteration 72:
x = [-79.31597376  74.33152117]
F[x] = [  6.51377004e-01  -8.68756378e+01  -1.79830212e+08  -1.06102210e+19
  -7.08385759e+32]
J[x] =
 [[ -1.75733567e-123  -1.00000000e+000]
 [  1.67715621e+000  -2.24450206e+000]
 [  3.28588863e+007  -2.41874415e+006]
 [  5.20986252e+018  -1.42709046e+017]
 [  6.28148271e+032  -9.52789346e+030]]


iteration 73:
x = [-78.18849674  74.31441541]
F[x] = [  6.68478829e-01  -8.49574033e+01  -1.46315978e+08  -6.09805905e+18
  -2.60600550e+32]
J[x] =
 [[ -1.75693144e-123  -1.00000000e+000]
 [  1.65787730e+000  -2.21921199e+000]
 [  2.67351105e+007  -1.96842552e+006]
 [  2.99428723e+018  -8.20386689e+016]
 [  2.31082829e+032  -3.50592247e+030]]


iteration 74:
x = [ -7.81881007e+01   2.60969452e-02]
F[x] = [  6.85584587e-01  -8.30612018e+01  -1.19047644e+08  -3.50476417e+18
  -9.58695822e+31]
J[x] =
 [[ -1.75652713e-123  -1.00000000e+000]
 [  1.63881984e+000  -2.19420688e+000]
 [  2.17525959e+007  -1.60194665e+006]
 [  1.72091980e+018  -4.71612964e+016]
 [  8.50106196e+031  -1.29005364e+030]]


iteration 75:
x = [ -7.81881007e+01   4.28129754e-15]
F[x] = [  7.49739031e+01   7.99427381e+01  -4.17178888e+04  -1.23052646e+15
  -3.36546386e+28]
J[x] =
 [[ -6.16838494e-127  -1.00000000e+000]
 [  5.75501013e-004  -2.19419815e+000]
 [  7.63829227e+003  -1.60183073e+006]
 [  6.04216788e+014  -4.71521264e+016]
 [  2.98426426e+028  -1.28960069e+030]]


iteration 76:
x = [ -7.81881007e+01   7.33640642e-29]
F[x] = [  7.50000000e+01   8.00000000e+01   8.50000000e+01  -1.11872283e+02
  -5.52116428e+15]
J[x] =
 [[ -1.01194569e-139  -1.00000000e+000]
 [  9.44130071e-017  -2.19419815e+000]
 [  1.25308927e-009  -1.60183073e+006]
 [  9.91239331e+001  -4.71521264e+016]
 [  4.89579265e+015  -1.28960069e+030]]


tolerance reached in 77 iterations!
